<?xml version="1.0" encoding="UTF-8"?>
<!-- Generated by org.testng.reporters.JUnitXMLReporter -->
<<<<<<< HEAD
<<<<<<< HEAD
<testsuite hostname="LAPTOP-FEVIPQQM" ignored="0" name="Default test" tests="1" failures="0" timestamp="2021-02-07T12:04:42 IST" time="3.326" errors="0">
  <testcase name="@BeforeMethod openBrowser" time="3.26" classname="myPack01.TC01">
    <failure type="org.openqa.selenium.SessionNotCreatedException" message="session not created: This version of ChromeDriver only supports Chrome version 79
Build info: version: &amp;apos;3.14.0&amp;apos;, revision: &amp;apos;aacccce0&amp;apos;, time: &amp;apos;2018-08-02T20:13:22.693Z&amp;apos;
System info: host: &amp;apos;LAPTOP-FEVIPQQM&amp;apos;, ip: &amp;apos;192.168.43.168&amp;apos;, os.name: &amp;apos;Windows 10&amp;apos;, os.arch: &amp;apos;amd64&amp;apos;, os.version: &amp;apos;10.0&amp;apos;, java.version: &amp;apos;1.8.0_181&amp;apos;
Driver info: driver.version: ChromeDriver
remote stacktrace: Backtrace:
	Ordinal0 [0x003FA113+1548563]
	Ordinal0 [0x0037DDA1+1039777]
	Ordinal0 [0x002FE485+517253]
	Ordinal0 [0x0028FD34+64820]
	Ordinal0 [0x0028C61E+50718]
	Ordinal0 [0x002AB797+178071]
	Ordinal0 [0x002AB59D+177565]
	Ordinal0 [0x002A95FB+169467]
	Ordinal0 [0x0029160A+71178]
	Ordinal0 [0x00292690+75408]
	Ordinal0 [0x00292629+75305]
	Ordinal0 [0x003971B7+1143223]
	GetHandleVerifier [0x00492B46+507814]
	GetHandleVerifier [0x00492864+507076]
	GetHandleVerifier [0x00499F47+537511]
	GetHandleVerifier [0x00493402+510050]
	Ordinal0 [0x0038F29C+1110684]
	Ordinal0 [0x0039938B+1151883]
	Ordinal0 [0x003994F3+1152243]
	Ordinal0 [0x003983F5+1147893]
	BaseThreadInitThunk [0x76856359+25]
	RtlGetAppContainerNamedObjectPath [0x77C78944+228]
	RtlGetAppContainerNamedObjectPath [0x77C78914+180]
">
      <![CDATA[org.openqa.selenium.SessionNotCreatedException: session not created: This version of ChromeDriver only supports Chrome version 79
Build info: version: '3.14.0', revision: 'aacccce0', time: '2018-08-02T20:13:22.693Z'
System info: host: 'LAPTOP-FEVIPQQM', ip: '192.168.43.168', os.name: 'Windows 10', os.arch: 'amd64', os.version: '10.0', java.version: '1.8.0_181'
Driver info: driver.version: ChromeDriver
remote stacktrace: Backtrace:
Ordinal0 [0x003FA113+1548563]
Ordinal0 [0x0037DDA1+1039777]
Ordinal0 [0x002FE485+517253]
Ordinal0 [0x0028FD34+64820]
Ordinal0 [0x0028C61E+50718]
Ordinal0 [0x002AB797+178071]
Ordinal0 [0x002AB59D+177565]
Ordinal0 [0x002A95FB+169467]
Ordinal0 [0x0029160A+71178]
Ordinal0 [0x00292690+75408]
Ordinal0 [0x00292629+75305]
Ordinal0 [0x003971B7+1143223]
GetHandleVerifier [0x00492B46+507814]
GetHandleVerifier [0x00492864+507076]
GetHandleVerifier [0x00499F47+537511]
GetHandleVerifier [0x00493402+510050]
Ordinal0 [0x0038F29C+1110684]
Ordinal0 [0x0039938B+1151883]
Ordinal0 [0x003994F3+1152243]
Ordinal0 [0x003983F5+1147893]
BaseThreadInitThunk [0x76856359+25]
RtlGetAppContainerNamedObjectPath [0x77C78944+228]
RtlGetAppContainerNamedObjectPath [0x77C78914+180]

at sun.reflect.NativeConstructorAccessorImpl.newInstance0(Native Method)
at sun.reflect.NativeConstructorAccessorImpl.newInstance(Unknown Source)
at sun.reflect.DelegatingConstructorAccessorImpl.newInstance(Unknown Source)
at java.lang.reflect.Constructor.newInstance(Unknown Source)
at org.openqa.selenium.remote.W3CHandshakeResponse.lambda$new$0(W3CHandshakeResponse.java:57)
at org.openqa.selenium.remote.W3CHandshakeResponse.lambda$getResponseFunction$2(W3CHandshakeResponse.java:104)
at org.openqa.selenium.remote.ProtocolHandshake.lambda$createSession$0(ProtocolHandshake.java:122)
at java.util.stream.ReferencePipeline$3$1.accept(Unknown Source)
at java.util.Spliterators$ArraySpliterator.tryAdvance(Unknown Source)
at java.util.stream.ReferencePipeline.forEachWithCancel(Unknown Source)
at java.util.stream.AbstractPipeline.copyIntoWithCancel(Unknown Source)
at java.util.stream.AbstractPipeline.copyInto(Unknown Source)
at java.util.stream.AbstractPipeline.wrapAndCopyInto(Unknown Source)
at java.util.stream.FindOps$FindOp.evaluateSequential(Unknown Source)
at java.util.stream.AbstractPipeline.evaluate(Unknown Source)
at java.util.stream.ReferencePipeline.findFirst(Unknown Source)
at org.openqa.selenium.remote.ProtocolHandshake.createSession(ProtocolHandshake.java:125)
at org.openqa.selenium.remote.ProtocolHandshake.createSession(ProtocolHandshake.java:73)
at org.openqa.selenium.remote.HttpCommandExecutor.execute(HttpCommandExecutor.java:136)
at org.openqa.selenium.remote.service.DriverCommandExecutor.execute(DriverCommandExecutor.java:83)
at org.openqa.selenium.remote.RemoteWebDriver.execute(RemoteWebDriver.java:548)
at org.openqa.selenium.remote.RemoteWebDriver.startSession(RemoteWebDriver.java:212)
at org.openqa.selenium.remote.RemoteWebDriver.<init>(RemoteWebDriver.java:130)
at org.openqa.selenium.chrome.ChromeDriver.<init>(ChromeDriver.java:181)
at org.openqa.selenium.chrome.ChromeDriver.<init>(ChromeDriver.java:168)
at org.openqa.selenium.chrome.ChromeDriver.<init>(ChromeDriver.java:123)
at myPack01.TC01.openBrowser(TC01.java:22)
at sun.reflect.NativeMethodAccessorImpl.invoke0(Native Method)
at sun.reflect.NativeMethodAccessorImpl.invoke(Unknown Source)
at sun.reflect.DelegatingMethodAccessorImpl.invoke(Unknown Source)
at java.lang.reflect.Method.invoke(Unknown Source)
at org.testng.internal.MethodInvocationHelper.invokeMethod(MethodInvocationHelper.java:133)
at org.testng.internal.MethodInvocationHelper.invokeMethodConsideringTimeout(MethodInvocationHelper.java:62)
at org.testng.internal.ConfigInvoker.invokeConfigurationMethod(ConfigInvoker.java:340)
at org.testng.internal.ConfigInvoker.invokeConfigurations(ConfigInvoker.java:294)
=======
<testsuite hostname="DESKTOP-MP9K177" ignored="0" name="Default test" tests="1" failures="0" timestamp="2021-02-28T15:11:04 IST" time="0.047" errors="0">
  <testcase name="@BeforeMethod openBrowser" time="-1.614505264388E9" classname="basePack.BaseClass">
    <failure type="org.testng.TestNGException" message="
Parameter &amp;apos;browserName&amp;apos; is required by BeforeMethod on method openBrowser but has not been marked @Optional or defined
in C:\Users\atyag\AppData\Local\Temp\testng-eclipse--202195995\testng-customsuite.xml">
      <![CDATA[org.testng.TestNGException: 
Parameter 'browserName' is required by BeforeMethod on method openBrowser but has not been marked @Optional or defined
in C:\Users\atyag\AppData\Local\Temp\testng-eclipse--202195995\testng-customsuite.xml
at org.testng.internal.Parameters.createParams(Parameters.java:289)
at org.testng.internal.Parameters.createParametersForMethod(Parameters.java:377)
at org.testng.internal.Parameters.createParameters(Parameters.java:721)
at org.testng.internal.Parameters.createConfigurationParameters(Parameters.java:164)
at org.testng.internal.ConfigInvoker.invokeConfigurations(ConfigInvoker.java:275)
>>>>>>> 8e4fdd66072c85f9c1036658adf4d27f7caef3d5
at org.testng.internal.TestInvoker.runConfigMethods(TestInvoker.java:683)
at org.testng.internal.TestInvoker.invokeMethod(TestInvoker.java:510)
at org.testng.internal.TestInvoker.invokeTestMethod(TestInvoker.java:172)
at org.testng.internal.MethodRunner.runInSequence(MethodRunner.java:46)
at org.testng.internal.TestInvoker$MethodInvocationAgent.invoke(TestInvoker.java:804)
at org.testng.internal.TestInvoker.invokeTestMethods(TestInvoker.java:145)
at org.testng.internal.TestMethodWorker.invokeTestMethods(TestMethodWorker.java:146)
at org.testng.internal.TestMethodWorker.run(TestMethodWorker.java:128)
<<<<<<< HEAD
at java.util.ArrayList.forEach(Unknown Source)
=======
at java.util.ArrayList.forEach(ArrayList.java:1257)
>>>>>>> 8e4fdd66072c85f9c1036658adf4d27f7caef3d5
at org.testng.TestRunner.privateRun(TestRunner.java:770)
at org.testng.TestRunner.run(TestRunner.java:591)
at org.testng.SuiteRunner.runTest(SuiteRunner.java:402)
at org.testng.SuiteRunner.runSequentially(SuiteRunner.java:396)
at org.testng.SuiteRunner.privateRun(SuiteRunner.java:355)
at org.testng.SuiteRunner.run(SuiteRunner.java:304)
at org.testng.SuiteRunnerWorker.runSuite(SuiteRunnerWorker.java:53)
at org.testng.SuiteRunnerWorker.run(SuiteRunnerWorker.java:96)
at org.testng.TestNG.runSuitesSequentially(TestNG.java:1180)
at org.testng.TestNG.runSuitesLocally(TestNG.java:1102)
at org.testng.TestNG.runSuites(TestNG.java:1032)
at org.testng.TestNG.run(TestNG.java:1000)
at org.testng.remote.AbstractRemoteTestNG.run(AbstractRemoteTestNG.java:115)
at org.testng.remote.RemoteTestNG.initAndRun(RemoteTestNG.java:251)
at org.testng.remote.RemoteTestNG.main(RemoteTestNG.java:77)
]]>
    </failure>
  </testcase> <!-- @BeforeMethod openBrowser -->
<<<<<<< HEAD
  <testcase name="@AfterMethod quitBrowser" time="-1.612679682827E9" classname="myPack01.TC01">
    <skipped/>
  </testcase> <!-- @AfterMethod quitBrowser -->
  <testcase name="testCase01" time="0.0" classname="myPack01.TC01">
    <skipped/>
  </testcase> <!-- testCase01 -->
=======
<testsuite hostname="DESKTOP-MP9K177" ignored="0" name="Default test" tests="1" failures="0" timestamp="2021-02-27T14:15:03 IST" time="0.046" errors="0">
  <testcase name="readDataPropFile" time="0.009" classname="javaP.ReadDataFromPropFile"/>
>>>>>>> 9bc4a2d34bdcc44cd0529e4d7cbb0a08382aa932
=======
  <testcase name="@AfterMethod quitBrowser" time="-1.614505264401E9" classname="basePack.BaseClass">
    <skipped/>
  </testcase> <!-- @AfterMethod quitBrowser -->
  <testcase name="uploadFiles" time="0.0" classname="feb13.UploadFile_AutoIT">
    <skipped/>
  </testcase> <!-- uploadFiles -->
>>>>>>> 8e4fdd66072c85f9c1036658adf4d27f7caef3d5
</testsuite> <!-- Default test -->
