<!DOCTYPE html PUBLIC "-//W3C//DTD XHTML 1.1//EN" "http://www.w3.org/TR/xhtml11/DTD/xhtml11.dtd">
<html xmlns="http://www.w3.org/1999/xhtml">
<head>
<meta http-equiv="content-type" content="text/html; charset=UTF-8"/>
<title>TestNG Report</title>
<style type="text/css">table {margin-bottom:10px;border-collapse:collapse;empty-cells:show}th,td {border:1px solid #009;padding:.25em .5em}th {vertical-align:bottom}td {vertical-align:top}table a {font-weight:bold}.stripe td {background-color: #E6EBF9}.num {text-align:right}.passedodd td {background-color: #3F3}.passedeven td {background-color: #0A0}.skippedodd td {background-color: #DDD}.skippedeven td {background-color: #CCC}.failedodd td,.attn {background-color: #F33}.failedeven td,.stripe .attn {background-color: #D00}.stacktrace {white-space:pre;font-family:monospace}.totop {font-size:85%;text-align:center;border-bottom:2px solid #000}.invisible {display:none}</style>
</head>
<body>
<table>
<tr><th>Test</th><th># Passed</th><th># Skipped</th><th># Retried</th><th># Failed</th><th>Time (ms)</th><th>Included Groups</th><th>Excluded Groups</th></tr>
<tr><th colspan="7">Project Name</th></tr>
<tr><td><a href="#t0">Snapdeal Test</a></td><td class="num">1</td><td class="num">0</td><td class="num">0</td><td class="num">0</td><td class="num">16,718</td><td></td><td></td></tr>
<tr class="stripe"><td><a href="#t1">Facebook Test</a></td><td class="num">0</td><td class="num">0</td><td class="num attn">2</td><td class="num attn">1</td><td class="num">30,049</td><td></td><td></td></tr>
<tr><td><a href="#t2">Naukri Test</a></td><td class="num">0</td><td class="num">0</td><td class="num attn">2</td><td class="num attn">1</td><td class="num">11,509</td><td></td><td></td></tr>
<tr><th>Total</th><th class="num">1</th><th class="num">0</th><th class="num attn">4</th><th class="num attn">2</th><th class="num">58,276</th><th colspan="2"></th></tr>
</table>
<table id='summary'><thead><tr><th>Class</th><th>Method</th><th>Start</th><th>Time (ms)</th></tr></thead><tbody><tr><th colspan="4">Project Name</th></tr></tbody><tbody id="t0"><tr><th colspan="4">Snapdeal Test &#8212; passed</th></tr><tr class="passedeven"><td rowspan="1">org.testCases.com.TC01</td><td><a href="#m0">testCase01</a></td><td rowspan="1">1612689711612</td><td rowspan="1">7190</td></tr></tbody>
<tbody id="t1"><tr><th colspan="4">Facebook Test &#8212; failed</th></tr><tr class="failedeven"><td rowspan="1">org.testCases.com.TC02</td><td><a href="#m1">testCase02</a></td><td rowspan="1">1612689743252</td><td rowspan="1">6740</td></tr><tr><th colspan="4">Facebook Test &#8212; retried</th></tr><tr class="retriedeven"><td rowspan="2">org.testCases.com.TC02</td><td><a href="#m2">testCase02</a></td><td rowspan="2">1612689733068</td><td rowspan="2">7307</td></tr><tr class="retriedeven"><td><a href="#m3">testCase02</a></td></tr></tbody>
<tbody id="t2"><tr><th colspan="4">Naukri Test &#8212; failed</th></tr><tr class="failedeven"><td rowspan="1">org.projectName.com.SearchNaukri</td><td><a href="#m4">testSearchNaukri</a></td><td rowspan="1">1612689760398</td><td rowspan="1">1587</td></tr><tr><th colspan="4">Naukri Test &#8212; retried</th></tr><tr class="retriedeven"><td rowspan="2">org.projectName.com.SearchNaukri</td><td><a href="#m5">testSearchNaukri</a></td><td rowspan="2">1612689756318</td><td rowspan="2">1488</td></tr><tr class="retriedeven"><td><a href="#m6">testSearchNaukri</a></td></tr></tbody>
</table>
<h2>Snapdeal Test</h2><h3 id="m0">org.testCases.com.TC01#testCase01</h3><table class="result"><tr><th>Messages</th></tr><tr><td><div class="messages">SugnIn assertion pass.</div></td></tr></table><p class="totop"><a href="#summary">back to summary</a></p>
<h2>Facebook Test</h2><h3 id="m1">org.testCases.com.TC02#testCase02</h3><table class="result"><tr><th>Exception</th></tr><tr><td><div class="stacktrace">org.openqa.selenium.NoSuchElementException: no such element: Unable to locate element: {&quot;method&quot;:&quot;xpath&quot;,&quot;selector&quot;:&quot;//input[@class=&apos;_8esa&apos;]&quot;}
  (Session info: chrome=88.0.4324.146)
For documentation on this error, please visit: http://seleniumhq.org/exceptions/no_such_element.html
Build info: version: &apos;3.14.0&apos;, revision: &apos;aacccce0&apos;, time: &apos;2018-08-02T20:13:22.693Z&apos;
System info: host: &apos;DESKTOP-MP9K177&apos;, ip: &apos;192.168.43.193&apos;, os.name: &apos;Windows 10&apos;, os.arch: &apos;amd64&apos;, os.version: &apos;10.0&apos;, java.version: &apos;1.8.0_181&apos;
Driver info: org.openqa.selenium.chrome.ChromeDriver
Capabilities {acceptInsecureCerts: false, browserName: chrome, browserVersion: 88.0.4324.146, chrome: {chromedriverVersion: 88.0.4324.96 (68dba2d8a0b14..., userDataDir: C:\Users\atyag\AppData\Loca...}, goog:chromeOptions: {debuggerAddress: localhost:61862}, javascriptEnabled: true, networkConnectionEnabled: false, pageLoadStrategy: normal, platform: WINDOWS, platformName: WINDOWS, proxy: Proxy(), setWindowRect: true, strictFileInteractability: false, timeouts: {implicit: 0, pageLoad: 300000, script: 30000}, unhandledPromptBehavior: dismiss and notify, webauthn:extension:largeBlob: true, webauthn:virtualAuthenticators: true}
Session ID: 0dceded402b097884553158d92ca5c45
*** Element info: {Using=xpath, value=//input[@class=&apos;_8esa&apos;]}
	at org.openqa.selenium.remote.http.W3CHttpResponseCodec.createException(W3CHttpResponseCodec.java:187)
	at org.openqa.selenium.remote.http.W3CHttpResponseCodec.decode(W3CHttpResponseCodec.java:122)
	at org.openqa.selenium.remote.http.W3CHttpResponseCodec.decode(W3CHttpResponseCodec.java:49)
	at org.openqa.selenium.remote.HttpCommandExecutor.execute(HttpCommandExecutor.java:158)
	at org.openqa.selenium.remote.service.DriverCommandExecutor.execute(DriverCommandExecutor.java:83)
	at org.openqa.selenium.remote.RemoteWebDriver.execute(RemoteWebDriver.java:548)
	at org.openqa.selenium.remote.RemoteWebDriver.findElement(RemoteWebDriver.java:322)
	at org.openqa.selenium.remote.RemoteWebDriver.findElementByXPath(RemoteWebDriver.java:424)
	at org.openqa.selenium.By$ByXPath.findElement(By.java:353)
	at org.openqa.selenium.remote.RemoteWebDriver.findElement(RemoteWebDriver.java:314)
	at org.testCases.com.TC02.testCase02(TC02.java:18)
	at java.util.ArrayList.forEach(ArrayList.java:1257)
... Removed 31 stack frames</div></td></tr></table><p class="totop"><a href="#summary">back to summary</a></p>
<h2>Naukri Test</h2><h3 id="m2">org.projectName.com.SearchNaukri#testSearchNaukri</h3><table class="result"><tr><th>Exception</th></tr><tr><td><div class="stacktrace">org.openqa.selenium.NoSuchElementException: Unable to find element with css selector == #qsbClick
For documentation on this error, please visit: http://seleniumhq.org/exceptions/no_such_element.html
Build info: version: &apos;3.14.0&apos;, revision: &apos;aacccce0&apos;, time: &apos;2018-08-02T20:13:22.693Z&apos;
System info: host: &apos;DESKTOP-MP9K177&apos;, ip: &apos;192.168.43.193&apos;, os.name: &apos;Windows 10&apos;, os.arch: &apos;amd64&apos;, os.version: &apos;10.0&apos;, java.version: &apos;1.8.0_181&apos;
Driver info: org.openqa.selenium.ie.InternetExplorerDriver
Capabilities {acceptInsecureCerts: false, browserName: internet explorer, browserVersion: 11, javascriptEnabled: true, pageLoadStrategy: normal, platform: WINDOWS, platformName: WINDOWS, proxy: Proxy(), se:ieOptions: {browserAttachTimeout: 0, elementScrollBehavior: 0, enablePersistentHover: true, ie.browserCommandLineSwitches: , ie.ensureCleanSession: false, ie.fileUploadDialogTimeout: 3000, ie.forceCreateProcessApi: false, ignoreProtectedModeSettings: false, ignoreZoomSetting: false, initialBrowserUrl: http://localhost:21214/, nativeEvents: true, requireWindowFocus: false}, setWindowRect: true, timeouts: {implicit: 0, pageLoad: 300000, script: 30000}}
Session ID: 09b89458-2853-48b6-b4bc-19c0d1ec1bf6
*** Element info: {Using=id, value=qsbClick}
	at org.openqa.selenium.remote.http.W3CHttpResponseCodec.createException(W3CHttpResponseCodec.java:187)
	at org.openqa.selenium.remote.http.W3CHttpResponseCodec.decode(W3CHttpResponseCodec.java:122)
	at org.openqa.selenium.remote.http.W3CHttpResponseCodec.decode(W3CHttpResponseCodec.java:49)
	at org.openqa.selenium.remote.HttpCommandExecutor.execute(HttpCommandExecutor.java:158)
	at org.openqa.selenium.remote.service.DriverCommandExecutor.execute(DriverCommandExecutor.java:83)
	at org.openqa.selenium.remote.RemoteWebDriver.execute(RemoteWebDriver.java:548)
	at org.openqa.selenium.remote.RemoteWebDriver.findElement(RemoteWebDriver.java:322)
	at org.openqa.selenium.remote.RemoteWebDriver.findElementById(RemoteWebDriver.java:368)
	at org.openqa.selenium.By$ById.findElement(By.java:188)
	at org.openqa.selenium.remote.RemoteWebDriver.findElement(RemoteWebDriver.java:314)
	at org.projectName.com.SearchNaukri.testSearchNaukri(SearchNaukri.java:23)
	at java.util.ArrayList.forEach(ArrayList.java:1257)
... Removed 31 stack frames</div></td></tr></table><p class="totop"><a href="#summary">back to summary</a></p>
</body>
</html>
